<?xml version="1.0" encoding="UTF-8"?>
<!-- Generated by org.testng.reporters.JUnitXMLReporter -->
<testsuite ignored="2" hostname="GIFTECH-L-080" failures="0" tests="1" name="Default test" time="38.155" errors="0" timestamp="2023-03-16T10:53:22 IST">
  <testcase classname="com.qa.test.Surat_Registration_Form" name="loginFormLocatorsTest" time="38.129"/>
  <testcase classname="com.qa.test.Surat_Registration_Form" name="intiate_browser" time="0.0">
    <ignored/>
  </testcase> <!-- intiate_browser -->
  <testcase classname="com.qa.test.Surat_Registration_Form" name="registration_form_details" time="0.0">
    <ignored/>
  </testcase> <!-- registration_form_details -->
</testsuite> <!-- Default test -->
