<?xml version="1.0" encoding="UTF-8"?>
<!-- Generated by org.testng.reporters.JUnitXMLReporter -->
<testsuite ignored="0" hostname="GIFTECH-L-080" failures="0" tests="3" name="Test" time="167.742" errors="0" timestamp="2023-03-27T16:28:50 IST">
  <testcase classname="com.qa.test.Surat_Registration_Form" name="intiate_browser" time="4.413"/>
  <testcase classname="com.qa.test.Surat_Registration_Form" name="registration_form_details" time="148.059"/>
  <testcase classname="com.qa.test.Surat_Registration_Form" name="loginFormLocatorsTest" time="15.233"/>
</testsuite> <!-- Test -->
