<?xml version="1.0" encoding="UTF-8"?>
<testng-results ignored="0" total="3" passed="3" failed="0" skipped="0">
  <reporter-output>
    <line>
      <![CDATA[Browser Opened]]>
    </line>
    <line>
      <![CDATA[URL Entered]]>
    </line>
    <line>
      <![CDATA[Browser Opened]]>
    </line>
    <line>
      <![CDATA[URL Entered]]>
    </line>
  </reporter-output>
  <suite started-at="2023-03-27T16:26:03 IST" name="Suite" finished-at="2023-03-27T16:28:50 IST" duration-ms="167742">
    <groups>
    </groups>
    <test started-at="2023-03-27T16:26:03 IST" name="Test" finished-at="2023-03-27T16:28:50 IST" duration-ms="167742">
      <class name="com.qa.test.Surat_Registration_Form">
        <test-method is-config="true" signature="loadConfig()[pri:0, instance:com.qa.test.Surat_Registration_Form@2d710f1a]" started-at="2023-03-27T16:26:03 IST" name="loadConfig" finished-at="2023-03-27T16:26:03 IST" duration-ms="5" status="PASS">
          <reporter-output>
          </reporter-output>
        </test-method> <!-- loadConfig -->
        <test-method signature="intiate_browser()[pri:0, instance:com.qa.test.Surat_Registration_Form@2d710f1a]" started-at="2023-03-27T16:26:03 IST" name="intiate_browser" finished-at="2023-03-27T16:26:07 IST" duration-ms="4413" status="PASS">
          <reporter-output>
            <line>
              <![CDATA[Browser Opened]]>
            </line>
            <line>
              <![CDATA[URL Entered]]>
            </line>
          </reporter-output>
        </test-method> <!-- intiate_browser -->
        <test-method signature="registration_form_details()[pri:1, instance:com.qa.test.Surat_Registration_Form@2d710f1a]" started-at="2023-03-27T16:26:07 IST" name="registration_form_details" finished-at="2023-03-27T16:28:35 IST" duration-ms="148059" status="PASS">
          <reporter-output>
          </reporter-output>
        </test-method> <!-- registration_form_details -->
        <test-method signature="loginFormLocatorsTest()[pri:2, instance:com.qa.test.Surat_Registration_Form@2d710f1a]" started-at="2023-03-27T16:28:35 IST" name="loginFormLocatorsTest" finished-at="2023-03-27T16:28:50 IST" duration-ms="15233" status="PASS">
          <reporter-output>
            <line>
              <![CDATA[Browser Opened]]>
            </line>
            <line>
              <![CDATA[URL Entered]]>
            </line>
          </reporter-output>
        </test-method> <!-- loginFormLocatorsTest -->
      </class> <!-- com.qa.test.Surat_Registration_Form -->
    </test> <!-- Test -->
  </suite> <!-- Suite -->
</testng-results>
